app/build/outputs/mapping/release/seeds.txt
app.netlify.weather_web_app_by_sarfaraz.twa.LauncherActivity
app.netlify.weather_web_app_by_sarfaraz.twa.Application
app.netlify.weather_web_app_by_sarfaraz.twa.Application: Application()
app.netlify.weather_web_app_by_sarfaraz.twa.LauncherActivity: LauncherActivity()
app.netlify.weather_web_app_by_sarfaraz.twa.DelegationService: DelegationService()
app.netlify.weather_web_app_by_sarfaraz.twa.DelegationService
...
com.google.android.gms.common.ConnectionResult: android.os.Parcelable$Creator CREATOR
android.support.v4.app.RemoteActionCompatParcelizer: androidx.core.app.RemoteActionCompat read(androidx.versionedparcelable.VersionedParcel)
com.google.android.gms.dynamite.DynamiteModule$DynamiteLoaderClassLoader
androidx.lifecycle.ReflectiveGenericLifecycleObserver
com.google.android.gms.location.zzaj: android.os.Parcelable$Creator CREATOR
com.google.android.gms.common.internal.ResolveAccountRequest: android.os.Parcelable$Creator CREATOR
com.google.androidbrowserhelper.trusted.FocusActivity: FocusActivity()
androidx.core.app.RemoteActionCompatParcelizer
com.google.androidbrowserhelper.trusted.DelegationService: DelegationService()
com.google.android.gms.common.internal.ReflectedParcelable
com.google.android.gms.location.LocationRequest: android.os.Parcelable$Creator CREATOR
androidx.core.graphics.drawable.IconCompat
com.google.android.gms.auth.api.signin.GoogleSignInAccount: android.os.Parcelable$Creator CREATOR
androidx.core.graphics.drawable.IconCompatParcelizer: IconCompatParcelizer()
com.google.android.gms.common.api.Scope: android.os.Parcelable$Creator CREATOR
androidx.core.graphics.drawable.IconCompatParcelizer: androidx.core.graphics.drawable.IconCompat read(androidx.versionedparcelable.VersionedParcel)
androidx.browser.browseractions.BrowserActionsFallbackMenuView: BrowserActionsFallbackMenuView(android.content.Context,android.util.AttributeSet)
androidx.core.content.FileProvider: FileProvider()
androidx.lifecycle.SingleGeneratedAdapterObserver
androidx.lifecycle.Lifecycle$Event: androidx.lifecycle.Lifecycle$Event ON_STOP
androidx.core.graphics.drawable.IconCompatParcelizer: void write(androidx.core.graphics.drawable.IconCompat,androidx.versionedparcelable.VersionedParcel)
android.support.v4.app.RemoteActionCompatParcelizer
com.google.android.gms.common.internal.ClientIdentity: android.os.Parcelable$Creator CREATOR
androidx.lifecycle.Lifecycle$Event: androidx.lifecycle.Lifecycle$Event ON_CREATE
com.google.androidbrowserhelper.locationdelegation.PermissionRequestActivity: PermissionRequestActivity()
androidx.loader.app.LoaderManagerImpl$LoaderViewModel
androidx.lifecycle.Lifecycle$Event: androidx.lifecycle.Lifecycle$Event ON_DESTROY
com.google.android.gms.dynamite.DynamiteModule$DynamiteLoaderClassLoader: java.lang.ClassLoader sClassLoader
android.support.v4.graphics.drawable.IconCompatParcelizer: androidx.core.graphics.drawable.IconCompat read(androidx.versionedparcelable.VersionedParcel)
androidx.lifecycle.Lifecycle$Event: androidx.lifecycle.Lifecycle$Event ON_ANY
android.support.v4.app.RemoteActionCompatParcelizer: RemoteActionCompatParcelizer()
android.support.v4.graphics.drawable.IconCompatParcelizer
androidx.core.app.CoreComponentFactory: CoreComponentFactory()
androidx.core.app.RemoteActionCompat
androidx.lifecycle.Lifecycle$Event: androidx.lifecycle.Lifecycle$Event ON_START
com.google.android.gms.common.internal.GetServiceRequest: android.os.Parcelable$Creator CREATOR
androidx.lifecycle.Lifecycle$Event: androidx.lifecycle.Lifecycle$Event[] $VALUES
androidx.lifecycle.CompositeGeneratedAdaptersObserver
androidx.core.app.CoreComponentFactory
androidx.fragment.app.FragmentManagerState: android.os.Parcelable$Creator CREATOR
androidx.core.app.RemoteActionCompatParcelizer: void write(androidx.core.app.RemoteActionCompat,androidx.versionedparcelable.VersionedParcel)
com.google.android.gms.signin.internal.zah: android.os.Parcelable$Creator CREATOR
com.google.android.gms.common.internal.zzb: android.os.Parcelable$Creator CREATOR
com.google.android.gms.common.api.internal.LifecycleCallback: com.google.android.gms.common.api.internal.LifecycleFragment getChimeraLifecycleFragmentImpl(com.google.android.gms.common.api.internal.LifecycleActivity)
androidx.core.app.RemoteActionCompatParcelizer: androidx.core.app.RemoteActionCompat read(androidx.versionedparcelable.VersionedParcel)
com.google.android.gms.common.annotation.KeepName