app/build/outputs/mapping/release/mapping.txt
# compiler: R8
# compiler_version: 2.1.86
# min_api: 19
# pg_map_id: fa2bf9d
# common_typos_disable
app.netlify.weather_web_app_by_sarfaraz.twa.LauncherActivity -> app.netlify.weather_web_app_by_sarfaraz.twa.LauncherActivity:
    android.net.Uri getLaunchingUrl() -> f
...
com.google.android.gms.location.zzad -> com.google.android.gms.location.h:
    com.google.android.gms.common.api.Api$Client buildClient(android.content.Context,android.os.Looper,com.google.android.gms.common.internal.ClientSettings,java.lang.Object,com.google.android.gms.common.api.GoogleApiClient$ConnectionCallbacks,com.google.android.gms.common.api.GoogleApiClient$OnConnectionFailedListener) -> c
com.google.android.gms.location.zzaj -> com.google.android.gms.location.i:
    long zzat -> d
    long zzbt -> c
    int zzar -> b
    int zzas -> a
com.google.android.gms.location.zzak -> com.google.android.gms.location.j:
com.google.android.gms.location.zzj -> com.google.android.gms.location.k:
    long zzu -> b
    float zzv -> c
    long zzw -> d
    int zzx -> e
    boolean zzt -> a
com.google.android.gms.location.zzk -> com.google.android.gms.location.l:
com.google.android.gms.location.zzr -> com.google.android.gms.location.m:
com.google.android.gms.location.zzs -> com.google.android.gms.location.n:
    boolean dispatchTransaction(int,android.os.Parcel,android.os.Parcel,int) -> a
    com.google.android.gms.location.zzr zza(android.os.IBinder) -> c
com.google.android.gms.location.zzt -> com.google.android.gms.location.o:
com.google.android.gms.location.zzu -> com.google.android.gms.location.p:
    void onLocationAvailability(com.google.android.gms.location.LocationAvailability) -> S
    void onLocationResult(com.google.android.gms.location.LocationResult) -> x
com.google.android.gms.location.zzv -> com.google.android.gms.location.q:
    boolean dispatchTransaction(int,android.os.Parcel,android.os.Parcel,int) -> a
    com.google.android.gms.location.zzu zzb(android.os.IBinder) -> c
com.google.android.gms.location.zzw -> com.google.android.gms.location.r:
com.google.android.gms.location.zzx -> com.google.android.gms.location.s:
com.google.android.gms.location.zzy -> com.google.android.gms.location.t:
    boolean dispatchTransaction(int,android.os.Parcel,android.os.Parcel,int) -> a
    com.google.android.gms.location.zzx zzc(android.os.IBinder) -> c
com.google.android.gms.location.zzz -> com.google.android.gms.location.u:
com.google.android.gms.signin.SignInOptions -> c.a.a.a.e.a:
    com.google.android.gms.signin.SignInOptions DEFAULT -> i
    boolean zarw -> f
    boolean zarv -> a
    java.lang.String zaab -> c
    java.lang.Long zarx -> g
    boolean zay -> b
    java.lang.Long zary -> h
    java.lang.String zaac -> e
    boolean zaaa -> d
    java.lang.Long getAuthApiSignInModuleVersion() -> c
    java.lang.String getHostedDomain() -> d
    java.lang.Long getRealClientLibraryVersion() -> e
    java.lang.String getServerClientId() -> f
    boolean isForceCodeForRefreshToken() -> g
    boolean isIdTokenRequested() -> h
    boolean isOfflineAccessRequested() -> i
    boolean waitForAccessTokenRefresh() -> j
com.google.android.gms.signin.internal.SignInClientImpl -> c.a.a.a.e.b.a:
    java.lang.Integer zaoe -> F
    android.os.Bundle zasc -> E
    com.google.android.gms.common.internal.ClientSettings zaet -> D
    boolean zasb -> C
    android.os.Bundle getGetServiceRequestExtraArgs() -> D
    void zaa(com.google.android.gms.signin.internal.zad) -> a
    void connect() -> d
    void zaa(com.google.android.gms.common.internal.IAccountAccessor,boolean) -> e
    java.lang.String getStartServiceAction() -> g
    boolean requiresSignIn() -> o
    android.os.Bundle createBundleFromClientSettings(com.google.android.gms.common.internal.ClientSettings) -> o0
    java.lang.String getServiceDescriptor() -> t
    void zacw() -> v
    int getMinApkVersion() -> w
    android.os.IInterface createServiceInterface(android.os.IBinder) -> x
com.google.android.gms.signin.internal.zaa -> c.a.a.a.e.b.b:
    android.content.Intent zasa -> c
    int zarz -> b
    int zalf -> a
    com.google.android.gms.common.api.Status getStatus() -> a
com.google.android.gms.signin.internal.zab -> c.a.a.a.e.b.c: