app/build/outputs/mapping/release/usage.txt
localhost_5000.twa.DelegationService
app.netlify.weather_web_app_by_sarfaraz.twa.R$mipmap
app.netlify.weather_web_app_by_sarfaraz.twa.R$dimen
localhost_5000.twa.LauncherActivity
app.netlify.weather_web_app_by_sarfaraz.twa.R$id
app.netlify.weather_web_app_by_sarfaraz.twa.R
app.netlify.weather_web_app_by_sarfaraz.twa.R$bool
app.netlify.weather_web_app_by_sarfaraz.twa.R$raw
app.netlify.weather_web_app_by_sarfaraz.twa.R$string
app.netlify.weather_web_app_by_sarfaraz.twa.R$styleable
app.netlify.weather_web_app_by_sarfaraz.twa.R$integer
app.netlify.weather_web_app_by_sarfaraz.twa.R$attr
app.netlify.weather_web_app_by_sarfaraz.twa.R$layout
app.netlify.weather_web_app_by_sarfaraz.twa.R$color
app.netlify.weather_web_app_by_sarfaraz.twa.BuildConfig
app.netlify.weather_web_app_by_sarfaraz.twa.R$xml
localhost_5000.twa.Application
app.netlify.weather_web_app_by_sarfaraz.twa.R$style
app.netlify.weather_web_app_by_sarfaraz.twa.R$drawable
...
android.support.customtabs.ICustomTabsCallback$Default
androidx.asynclayoutinflater.view.AsyncLayoutInflater$OnInflateFinishedListener
com.google.android.gms.security.zza
com.google.android.gms.common.SupportErrorDialogFragment:
    public static com.google.android.gms.common.SupportErrorDialogFragment newInstance(android.app.Dialog)
com.google.android.gms.internal.location.zzf
androidx.interpolator.view.animation.FastOutSlowInInterpolator
com.google.android.gms.location.zzn
androidx.viewpager.widget.ViewPager$4
androidx.slidingpanelayout.R$drawable
com.google.android.gms.dynamic.RemoteCreator$RemoteCreatorException
com.google.android.gms.internal.base.zae
com.google.android.gms.common.data.DataBuffer
com.google.android.gms.common.annotation.KeepForSdkWithMembers
androidx.loader.R$dimen
com.google.android.gms.common.util.ScopeUtil
androidx.core.provider.SelfDestructiveThread$3
androidx.lifecycle.Transformations$2$1
com.google.android.gms.common.internal.IResolveAccountCallbacks
com.google.android.gms.common.internal.SignInButtonImpl
androidx.viewpager.widget.PagerTitleStrip$PageListener
com.google.androidbrowserhelper.trusted.NotificationUtils:
    private void <init>()
com.google.android.gms.common.data.DataBufferSafeParcelable
com.google.android.gms.tasks.TaskExecutors$zza
com.google.android.gms.internal.location.zzs
androidx.browser.trusted.PackageIdentityUtils:
    private void <init>()
    private static final java.lang.String TAG
com.google.android.gms.dynamic.RemoteCreator
com.google.android.gms.common.internal.ClientSettings$Builder:
    public final com.google.android.gms.common.internal.ClientSettings$Builder addRequiredScope(com.google.android.gms.common.api.Scope)
    public final com.google.android.gms.common.internal.ClientSettings$Builder setOptionalApiSettingsMap(java.util.Map)
    public final com.google.android.gms.common.internal.ClientSettings$Builder setGravityForPopups(int)
    public final com.google.android.gms.common.internal.ClientSettings$Builder setViewForPopups(android.view.View)
    public final com.google.android.gms.common.internal.ClientSettings$Builder setSignInOptions(com.google.android.gms.signin.SignInOptions)
    public final com.google.android.gms.common.internal.ClientSettings$Builder enableSignInClientDisconnectFix()
com.google.android.gms.common.internal.SimpleClientAdapter:
    public void <init>(android.content.Context,android.os.Looper,int,com.google.android.gms.common.api.GoogleApiClient$ConnectionCallbacks,com.google.android.gms.common.api.GoogleApiClient$OnConnectionFailedListener,com.google.android.gms.common.internal.ClientSettings,com.google.android.gms.common.api.Api$SimpleClient)
androidx.core.provider.FontsContractCompat$FontInfo
androidx.core.widget.NestedScrollView$SavedState
androidx.swiperefreshlayout.widget.SwipeRefreshLayout$OnRefreshListener
com.google.android.gms.common.api.internal.GoogleServices
androidx.annotation.RequiresFeature
com.google.android.gms.base.R$string:
    private void <init>()
    public static final int common_signin_button_text
    public static final int common_signin_button_text_long
androidx.core.os.ParcelCompat
androidx.core.view.ViewPropertyAnimatorUpdateListener
androidx.swiperefreshlayout.R$integer
com.google.android.gms.common.server.response.zac
androidx.annotation.Px
androidx.legacy.app.ActionBarDrawerToggle$SlideDrawable
androidx.customview.widget.ViewDragHelper$Callback